#
# A fatal error has been detected by the Java Runtime Environment:
#
#  EXCEPTION_ACCESS_VIOLATION (0xc0000005) at pc=0x00007ff9ed9f7fbb, pid=35736, tid=34068
#
# JRE version: OpenJDK Runtime Environment (15.0.2+7) (build 15.0.2+7-27)
# Java VM: OpenJDK 64-Bit Server VM (15.0.2+7-27, mixed mode, tiered, compressed oops, g1 gc, windows-amd64)
# Problematic frame:
# V  [jvm.dll+0x707fbb]
#
# No core dump will be written. Minidumps are not enabled by default on client versions of Windows
#
# If you would like to submit a bug report, please visit:
#   https://bugreport.java.com/bugreport/crash.jsp
#

---------------  S U M M A R Y ------------

Command Line: -XX:+ShowCodeDetailsInExceptionMessages -agentlib:jdwp=transport=dt_socket,suspend=y,address=localhost:51572 -javaagent:D:\Softwares\eclipse-java-2021-03-R-win32-x86_64\eclipse\configuration\org.eclipse.osgi\222\0\.cp\lib\javaagent-shaded.jar -Dfile.encoding=Cp1252 Palindrom

Host: 12th Gen Intel(R) Core(TM) i5-1235U, 12 cores, 15G,  Windows 10 , 64 bit Build 22621 (10.0.22621.755)
Time: Wed Jan 18 19:12:44 2023 India Standard Time elapsed time: 953598.881867 seconds (11d 0h 53m 18s)

---------------  T H R E A D  ---------------

Current thread (0x0000021d833900c0):  JavaThread "main" [_thread_in_vm, id=34068, stack(0x0000006526800000,0x0000006526900000)]

Stack: [0x0000006526800000,0x0000006526900000],  sp=0x00000065268ff120,  free space=1020k
Native frames: (J=compiled Java code, j=interpreted, Vv=VM code, C=native code)
V  [jvm.dll+0x707fbb]
V  [jvm.dll+0x707f03]
V  [jvm.dll+0x20f104]
V  [jvm.dll+0x348fd1]
C  0x0000021d86dcf149

Java frames: (J=compiled Java code, j=interpreted, Vv=VM code)
j  Palindrom.main([Ljava/lang/String;)V+14
v  ~StubRoutines::call_stub

siginfo: EXCEPTION_ACCESS_VIOLATION (0xc0000005), reading address 0x0000000000000004


Register to memory mapping:

RIP=0x00007ff9ed9f7fbb jvm.dll
RAX=0x0000021d833909a0 points into unknown readable memory: 0x0000000713a44bd0 | d0 4b a4 13 07 00 00 00
RBX=0x0000021d833900c0 is a thread
RCX=0x0 is NULL
RDX=0x0000021d83390990 points into unknown readable memory: 0x0000000713e68f78 | 78 8f e6 13 07 00 00 00
RSP=0x00000065268ff120 is pointing into the stack for thread: 0x0000021d833900c0
RBP=0x0000021d811d1f00 points into unknown readable memory: 0x0000021d811363d0 | d0 63 13 81 1d 02 00 00
RSI=0x0000000000000001 is an unknown value
RDI=0x0 is NULL
R8 =0x0000021d83390998 points into unknown readable memory: 0x0000000713a44bd0 | d0 4b a4 13 07 00 00 00
R9 =0x0000021d833900c0 is a thread
R10=0x0 is NULL
R11=0x0000021d8e885520 is at entry_point+32 in (nmethod*)0x0000021d8e885390
R12=0x0 is NULL
R13=0x0 is NULL
R14=0x00000065268ff270 is pointing into the stack for thread: 0x0000021d833900c0
R15=0x0000021d833900c0 is a thread


Registers:
RAX=0x0000021d833909a0, RBX=0x0000021d833900c0, RCX=0x0000000000000000, RDX=0x0000021d83390990
RSP=0x00000065268ff120, RBP=0x0000021d811d1f00, RSI=0x0000000000000001, RDI=0x0000000000000000
R8 =0x0000021d83390998, R9 =0x0000021d833900c0, R10=0x0000000000000000, R11=0x0000021d8e885520
R12=0x0000000000000000, R13=0x0000000000000000, R14=0x00000065268ff270, R15=0x0000021d833900c0
RIP=0x00007ff9ed9f7fbb, EFLAGS=0x0000000000010202

Top of Stack: (sp=0x00000065268ff120)
0x00000065268ff120:   0000021da3d98501 00000000000003d8
0x00000065268ff130:   0000021d833900c0 0000021d811d2030
0x00000065268ff140:   00000065268ff229 00007ff9ed3f011c
0x00000065268ff150:   0000021da3d981e8 00000065268ff170
0x00000065268ff160:   00000065268ff218 00007ff9ed4fcb6d
0x00000065268ff170:   0000021d833900c0 0000021d83390590
0x00000065268ff180:   0000021da3d981e8 0000021d833900c0
0x00000065268ff190:   00000065268ff270 0000000000000000
0x00000065268ff1a0:   0000021d833900c0 00007ff9ed9f7f03
0x00000065268ff1b0:   0000021d83390980 0000021d83390990
0x00000065268ff1c0:   0000021da3d98668 0000021d833900c0
0x00000065268ff1d0:   0000021d83390990 00007ff9ed4ff104
0x00000065268ff1e0:   0000021d83390998 0000021d833900c0
0x00000065268ff1f0:   0000021d86dd5016 0000021d86da8a90
0x00000065268ff200:   0000021d833900c0 00000065268ff308
0x00000065268ff210:   0000021d833900c0 0000000000000000 

Instructions: (pc=0x00007ff9ed9f7fbb)
0x00007ff9ed9f7ebb:   6c 24 68 48 8b 6c 24 58 48 83 c4 28 41 5f 5f 5e
0x00007ff9ed9f7ecb:   5b c3 48 83 c4 28 41 5f 5f 5e 5b e9 55 f7 ff ff
0x00007ff9ed9f7edb:   cc cc cc cc cc 48 89 5c 24 08 48 89 74 24 10 57
0x00007ff9ed9f7eeb:   48 83 ec 20 48 8b 5c 24 50 41 0f b6 f1 4c 8b cb
0x00007ff9ed9f7efb:   48 8b f9 e8 ad 00 00 00 48 83 7b 08 00 75 05 48
0x00007ff9ed9f7f0b:   85 c0 75 12 4c 8b cb 4c 8b c0 40 0f b6 d6 48 8b
0x00007ff9ed9f7f1b:   cf e8 0f d1 ff ff 48 8b 5c 24 30 48 8b 74 24 38
0x00007ff9ed9f7f2b:   48 83 c4 20 5f c3 cc cc cc cc cc cc cc cc cc cc
0x00007ff9ed9f7f3b:   cc cc cc cc cc 48 89 5c 24 08 48 89 74 24 10 57
0x00007ff9ed9f7f4b:   48 83 ec 20 49 8b d8 0f b6 f2 4d 8b c8 33 d2 45
0x00007ff9ed9f7f5b:   33 c0 48 8b f9 e8 4b 00 00 00 48 83 7b 08 00 75
0x00007ff9ed9f7f6b:   05 48 85 c0 75 12 4c 8b cb 4c 8b c0 40 0f b6 d6
0x00007ff9ed9f7f7b:   48 8b cf e8 ad d0 ff ff 48 8b 5c 24 30 48 8b 74
0x00007ff9ed9f7f8b:   24 38 48 83 c4 20 5f c3 cc cc cc cc cc cc cc cc
0x00007ff9ed9f7f9b:   cc cc cc cc cc 4c 8b ca 45 33 c0 33 d2 e9 03 00
0x00007ff9ed9f7fab:   00 00 cc cc cc 40 53 57 41 56 41 57 48 83 ec 68
0x00007ff9ed9f7fbb:   66 83 79 04 01 4d 8b f9 49 8b d8 48 8b fa 4c 8b
0x00007ff9ed9f7fcb:   f1 0f 86 80 01 00 00 80 79 06 5b 0f 85 76 01 00
0x00007ff9ed9f7fdb:   00 e8 3f fe f9 ff 84 c0 0f 84 69 01 00 00 48 89
0x00007ff9ed9f7feb:   ac 24 98 00 00 00 48 8d 4c 24 28 49 8b af 90 02
0x00007ff9ed9f7ffb:   00 00 45 33 c0 48 89 b4 24 a0 00 00 00 49 8b d6
0x00007ff9ed9f800b:   4c 89 a4 24 a8 00 00 00 4c 89 6c 24 60 48 8b 45
0x00007ff9ed9f801b:   18 48 8b 75 10 4c 8b 65 28 48 89 84 24 90 00 00
0x00007ff9ed9f802b:   00 48 8b 45 20 48 89 44 24 20 e8 56 f3 f9 ff 8b
0x00007ff9ed9f803b:   44 24 40 45 33 f6 83 f8 0d 74 05 45 8b ee eb 11
0x00007ff9ed9f804b:   48 8d 4c 24 28 e8 eb 01 fa ff 44 8b e8 8b 44 24
0x00007ff9ed9f805b:   40 48 63 54 24 30 48 8b 4c 24 28 80 7c 0a 06 4c
0x00007ff9ed9f806b:   75 6a 48 8d 4c 24 28 e8 79 fb f9 ff 4d 8b cf 4c
0x00007ff9ed9f807b:   8b c3 48 8b d7 48 8b c8 e8 a8 f5 ff ff 48 8b d8
0x00007ff9ed9f808b:   4d 39 77 08 75 22 48 85 c0 74 53 48 8b 00 48 8b
0x00007ff9ed9f809b:   cb 33 d2 45 8b c5 4d 8b cf ff 90 d8 00 00 00 48
0x00007ff9ed9f80ab:   8b d8 4d 39 77 08 74 36 48 8d 4c 24 28 e8 23 f3 


Stack slot to memory mapping:
stack at sp + 0 slots: 0x0000021da3d98501 is pointing into metadata
stack at sp + 1 slots: 0x00000000000003d8 is an unknown value
stack at sp + 2 slots: 0x0000021d833900c0 is a thread
stack at sp + 3 slots: 0x0000021d811d2030 points into unknown readable memory: 0x005f006d00000002 | 02 00 00 00 6d 00 5f 00
stack at sp + 4 slots: 0x00000065268ff229 is pointing into the stack for thread: 0x0000021d833900c0
stack at sp + 5 slots: 0x00007ff9ed3f011c jvm.dll
stack at sp + 6 slots: 0x0000021da3d981e8 is pointing into metadata
stack at sp + 7 slots: 0x00000065268ff170 is pointing into the stack for thread: 0x0000021d833900c0


---------------  P R O C E S S  ---------------

Threads class SMR info:
_java_thread_list=0x0000021da32d3b50, length=12, elements={
0x0000021d833900c0, 0x0000021da2d97130, 0x0000021da2d99f90, 0x0000021da2dbaea0,
0x0000021da2dbb370, 0x0000021da2dc00f0, 0x0000021da2dc2fd0, 0x0000021da2dce060,
0x0000021da2dec190, 0x0000021da2f0bed0, 0x0000021da3107960, 0x0000021da3225d00
}

Java Threads: ( => current thread )
=>0x0000021d833900c0 JavaThread "main" [_thread_in_vm, id=34068, stack(0x0000006526800000,0x0000006526900000)]
  0x0000021da2d97130 JavaThread "Reference Handler" daemon [_thread_blocked, id=5816, stack(0x0000006526f00000,0x0000006527000000)]
  0x0000021da2d99f90 JavaThread "Finalizer" daemon [_thread_blocked, id=32700, stack(0x0000006527000000,0x0000006527100000)]
  0x0000021da2dbaea0 JavaThread "Signal Dispatcher" daemon [_thread_blocked, id=17196, stack(0x0000006527200000,0x0000006527300000)]
  0x0000021da2dbb370 JavaThread "Attach Listener" daemon [_thread_blocked, id=24468, stack(0x0000006527300000,0x0000006527400000)]
  0x0000021da2dc00f0 JavaThread "Service Thread" daemon [_thread_blocked, id=26492, stack(0x0000006527400000,0x0000006527500000)]
  0x0000021da2dc2fd0 JavaThread "C2 CompilerThread0" daemon [_thread_blocked, id=29004, stack(0x0000006527500000,0x0000006527600000)]
  0x0000021da2dce060 JavaThread "C1 CompilerThread0" daemon [_thread_blocked, id=18960, stack(0x0000006527600000,0x0000006527700000)]
  0x0000021da2dec190 JavaThread "Sweeper thread" daemon [_thread_blocked, id=3688, stack(0x0000006527700000,0x0000006527800000)]
  0x0000021da2f0bed0 JavaThread "Common-Cleaner" daemon [_thread_blocked, id=34756, stack(0x0000006527800000,0x0000006527900000)]
  0x0000021da3107960 JavaThread "JDWP Event Helper Thread" daemon [_thread_blocked, id=16104, stack(0x0000006527a00000,0x0000006527b00000)]
  0x0000021da3225d00 JavaThread "Notification Thread" daemon [_thread_blocked, id=9560, stack(0x0000006527c00000,0x0000006527d00000)]

Other Threads:
  0x0000021da2d5d720 VMThread "VM Thread" [stack: 0x0000006526e00000,0x0000006526f00000] [id=24788]
  0x0000021d83390c90 WatcherThread [stack: 0x0000006527d00000,0x0000006527e00000] [id=28472]
  0x0000021d833decc0 GCTaskThread "GC Thread#0" [stack: 0x0000006526900000,0x0000006526a00000] [id=9224]
  0x0000021d833ef710 ConcurrentGCThread "G1 Main Marker" [stack: 0x0000006526a00000,0x0000006526b00000] [id=37700]
  0x0000021d833f27f0 ConcurrentGCThread "G1 Conc#0" [stack: 0x0000006526b00000,0x0000006526c00000] [id=27792]
  0x0000021d834537e0 ConcurrentGCThread "G1 Refine#0" [stack: 0x0000006526c00000,0x0000006526d00000] [id=33048]
  0x0000021da23924d0 ConcurrentGCThread "G1 Young RemSet Sampling" [stack: 0x0000006526d00000,0x0000006526e00000] [id=26496]

Threads with active compile tasks:

VM state: not at safepoint (normal execution)

VM Mutex/Monitor currently owned by a thread: None

Heap address: 0x0000000704400000, size: 4028 MB, Compressed Oops mode: Zero based, Oop shift amount: 3
CDS disabled.
Compressed class space mapped at: 0x0000000800000000-0x0000000840000000, size: 1073741824
Narrow klass base: 0x0000000800000000, Narrow klass shift: 0, Narrow klass range: 0x40000000

GC Precious Log:
 CPUs: 12 total, 12 available
 Memory: 16108M
 Large Page Support: Disabled
 NUMA Support: Disabled
 Compressed Oops: Enabled (Zero based)
 Heap Region Size: 2M
 Heap Min Capacity: 8M
 Heap Initial Capacity: 252M
 Heap Max Capacity: 4028M
 Pre-touch: Disabled
 Parallel Workers: 10
 Concurrent Workers: 3
 Concurrent Refinement Workers: 10
 Periodic GC: Disabled

Heap:
 garbage-first heap   total 258048K, used 4096K [0x0000000704400000, 0x0000000800000000)
  region size 2048K, 3 young (6144K), 0 survivors (0K)
 Metaspace       used 9272K, capacity 9374K, committed 9600K, reserved 1058816K
  class space    used 791K, capacity 821K, committed 896K, reserved 1048576K

Heap Regions: E=young(eden), S=young(survivor), O=old, HS=humongous(starts), HC=humongous(continues), CS=collection set, F=free, OA=open archive, CA=closed archive, TAMS=top-at-mark-start (previous, next)
|   0|0x0000000704400000, 0x0000000704400000, 0x0000000704600000|  0%| F|  |TAMS 0x0000000704400000, 0x0000000704400000| Untracked 
|   1|0x0000000704600000, 0x0000000704600000, 0x0000000704800000|  0%| F|  |TAMS 0x0000000704600000, 0x0000000704600000| Untracked 
|   2|0x0000000704800000, 0x0000000704800000, 0x0000000704a00000|  0%| F|  |TAMS 0x0000000704800000, 0x0000000704800000| Untracked 
|   3|0x0000000704a00000, 0x0000000704a00000, 0x0000000704c00000|  0%| F|  |TAMS 0x0000000704a00000, 0x0000000704a00000| Untracked 
|   4|0x0000000704c00000, 0x0000000704c00000, 0x0000000704e00000|  0%| F|  |TAMS 0x0000000704c00000, 0x0000000704c00000| Untracked 
|   5|0x0000000704e00000, 0x0000000704e00000, 0x0000000705000000|  0%| F|  |TAMS 0x0000000704e00000, 0x0000000704e00000| Untracked 
|   6|0x0000000705000000, 0x0000000705000000, 0x0000000705200000|  0%| F|  |TAMS 0x0000000705000000, 0x0000000705000000| Untracked 
|   7|0x0000000705200000, 0x0000000705200000, 0x0000000705400000|  0%| F|  |TAMS 0x0000000705200000, 0x0000000705200000| Untracked 
|   8|0x0000000705400000, 0x0000000705400000, 0x0000000705600000|  0%| F|  |TAMS 0x0000000705400000, 0x0000000705400000| Untracked 
|   9|0x0000000705600000, 0x0000000705600000, 0x0000000705800000|  0%| F|  |TAMS 0x0000000705600000, 0x0000000705600000| Untracked 
|  10|0x0000000705800000, 0x0000000705800000, 0x0000000705a00000|  0%| F|  |TAMS 0x0000000705800000, 0x0000000705800000| Untracked 
|  11|0x0000000705a00000, 0x0000000705a00000, 0x0000000705c00000|  0%| F|  |TAMS 0x0000000705a00000, 0x0000000705a00000| Untracked 
|  12|0x0000000705c00000, 0x0000000705c00000, 0x0000000705e00000|  0%| F|  |TAMS 0x0000000705c00000, 0x0000000705c00000| Untracked 
|  13|0x0000000705e00000, 0x0000000705e00000, 0x0000000706000000|  0%| F|  |TAMS 0x0000000705e00000, 0x0000000705e00000| Untracked 
|  14|0x0000000706000000, 0x0000000706000000, 0x0000000706200000|  0%| F|  |TAMS 0x0000000706000000, 0x0000000706000000| Untracked 
|  15|0x0000000706200000, 0x0000000706200000, 0x0000000706400000|  0%| F|  |TAMS 0x0000000706200000, 0x0000000706200000| Untracked 
|  16|0x0000000706400000, 0x0000000706400000, 0x0000000706600000|  0%| F|  |TAMS 0x0000000706400000, 0x0000000706400000| Untracked 
|  17|0x0000000706600000, 0x0000000706600000, 0x0000000706800000|  0%| F|  |TAMS 0x0000000706600000, 0x0000000706600000| Untracked 
|  18|0x0000000706800000, 0x0000000706800000, 0x0000000706a00000|  0%| F|  |TAMS 0x0000000706800000, 0x0000000706800000| Untracked 
|  19|0x0000000706a00000, 0x0000000706a00000, 0x0000000706c00000|  0%| F|  |TAMS 0x0000000706a00000, 0x0000000706a00000| Untracked 
|  20|0x0000000706c00000, 0x0000000706c00000, 0x0000000706e00000|  0%| F|  |TAMS 0x0000000706c00000, 0x0000000706c00000| Untracked 
|  21|0x0000000706e00000, 0x0000000706e00000, 0x0000000707000000|  0%| F|  |TAMS 0x0000000706e00000, 0x0000000706e00000| Untracked 
|  22|0x0000000707000000, 0x0000000707000000, 0x0000000707200000|  0%| F|  |TAMS 0x0000000707000000, 0x0000000707000000| Untracked 
|  23|0x0000000707200000, 0x0000000707200000, 0x0000000707400000|  0%| F|  |TAMS 0x0000000707200000, 0x0000000707200000| Untracked 
|  24|0x0000000707400000, 0x0000000707400000, 0x0000000707600000|  0%| F|  |TAMS 0x0000000707400000, 0x0000000707400000| Untracked 
|  25|0x0000000707600000, 0x0000000707600000, 0x0000000707800000|  0%| F|  |TAMS 0x0000000707600000, 0x0000000707600000| Untracked 
|  26|0x0000000707800000, 0x0000000707800000, 0x0000000707a00000|  0%| F|  |TAMS 0x0000000707800000, 0x0000000707800000| Untracked 
|  27|0x0000000707a00000, 0x0000000707a00000, 0x0000000707c00000|  0%| F|  |TAMS 0x0000000707a00000, 0x0000000707a00000| Untracked 
|  28|0x0000000707c00000, 0x0000000707c00000, 0x0000000707e00000|  0%| F|  |TAMS 0x0000000707c00000, 0x0000000707c00000| Untracked 
|  29|0x0000000707e00000, 0x0000000707e00000, 0x0000000708000000|  0%| F|  |TAMS 0x0000000707e00000, 0x0000000707e00000| Untracked 
|  30|0x0000000708000000, 0x0000000708000000, 0x0000000708200000|  0%| F|  |TAMS 0x0000000708000000, 0x0000000708000000| Untracked 
|  31|0x0000000708200000, 0x0000000708200000, 0x0000000708400000|  0%| F|  |TAMS 0x0000000708200000, 0x0000000708200000| Untracked 
|  32|0x0000000708400000, 0x0000000708400000, 0x0000000708600000|  0%| F|  |TAMS 0x0000000708400000, 0x0000000708400000| Untracked 
|  33|0x0000000708600000, 0x0000000708600000, 0x0000000708800000|  0%| F|  |TAMS 0x0000000708600000, 0x0000000708600000| Untracked 
|  34|0x0000000708800000, 0x0000000708800000, 0x0000000708a00000|  0%| F|  |TAMS 0x0000000708800000, 0x0000000708800000| Untracked 
|  35|0x0000000708a00000, 0x0000000708a00000, 0x0000000708c00000|  0%| F|  |TAMS 0x0000000708a00000, 0x0000000708a00000| Untracked 
|  36|0x0000000708c00000, 0x0000000708c00000, 0x0000000708e00000|  0%| F|  |TAMS 0x0000000708c00000, 0x0000000708c00000| Untracked 
|  37|0x0000000708e00000, 0x0000000708e00000, 0x0000000709000000|  0%| F|  |TAMS 0x0000000708e00000, 0x0000000708e00000| Untracked 
|  38|0x0000000709000000, 0x0000000709000000, 0x0000000709200000|  0%| F|  |TAMS 0x0000000709000000, 0x0000000709000000| Untracked 
|  39|0x0000000709200000, 0x0000000709200000, 0x0000000709400000|  0%| F|  |TAMS 0x0000000709200000, 0x0000000709200000| Untracked 
|  40|0x0000000709400000, 0x0000000709400000, 0x0000000709600000|  0%| F|  |TAMS 0x0000000709400000, 0x0000000709400000| Untracked 
|  41|0x0000000709600000, 0x0000000709600000, 0x0000000709800000|  0%| F|  |TAMS 0x0000000709600000, 0x0000000709600000| Untracked 
|  42|0x0000000709800000, 0x0000000709800000, 0x0000000709a00000|  0%| F|  |TAMS 0x0000000709800000, 0x0000000709800000| Untracked 
|  43|0x0000000709a00000, 0x0000000709a00000, 0x0000000709c00000|  0%| F|  |TAMS 0x0000000709a00000, 0x0000000709a00000| Untracked 
|  44|0x0000000709c00000, 0x0000000709c00000, 0x0000000709e00000|  0%| F|  |TAMS 0x0000000709c00000, 0x0000000709c00000| Untracked 
|  45|0x0000000709e00000, 0x0000000709e00000, 0x000000070a000000|  0%| F|  |TAMS 0x0000000709e00000, 0x0000000709e00000| Untracked 
|  46|0x000000070a000000, 0x000000070a000000, 0x000000070a200000|  0%| F|  |TAMS 0x000000070a000000, 0x000000070a000000| Untracked 
|  47|0x000000070a200000, 0x000000070a200000, 0x000000070a400000|  0%| F|  |TAMS 0x000000070a200000, 0x000000070a200000| Untracked 
|  48|0x000000070a400000, 0x000000070a400000, 0x000000070a600000|  0%| F|  |TAMS 0x000000070a400000, 0x000000070a400000| Untracked 
|  49|0x000000070a600000, 0x000000070a600000, 0x000000070a800000|  0%| F|  |TAMS 0x000000070a600000, 0x000000070a600000| Untracked 
|  50|0x000000070a800000, 0x000000070a800000, 0x000000070aa00000|  0%| F|  |TAMS 0x000000070a800000, 0x000000070a800000| Untracked 
|  51|0x000000070aa00000, 0x000000070aa00000, 0x000000070ac00000|  0%| F|  |TAMS 0x000000070aa00000, 0x000000070aa00000| Untracked 
|  52|0x000000070ac00000, 0x000000070ac00000, 0x000000070ae00000|  0%| F|  |TAMS 0x000000070ac00000, 0x000000070ac00000| Untracked 
|  53|0x000000070ae00000, 0x000000070ae00000, 0x000000070b000000|  0%| F|  |TAMS 0x000000070ae00000, 0x000000070ae00000| Untracked 
|  54|0x000000070b000000, 0x000000070b000000, 0x000000070b200000|  0%| F|  |TAMS 0x000000070b000000, 0x000000070b000000| Untracked 
|  55|0x000000070b200000, 0x000000070b200000, 0x000000070b400000|  0%| F|  |TAMS 0x000000070b200000, 0x000000070b200000| Untracked 
|  56|0x000000070b400000, 0x000000070b400000, 0x000000070b600000|  0%| F|  |TAMS 0x000000070b400000, 0x000000070b400000| Untracked 
|  57|0x000000070b600000, 0x000000070b600000, 0x000000070b800000|  0%| F|  |TAMS 0x000000070b600000, 0x000000070b600000| Untracked 
|  58|0x000000070b800000, 0x000000070b800000, 0x000000070ba00000|  0%| F|  |TAMS 0x000000070b800000, 0x000000070b800000| Untracked 
|  59|0x000000070ba00000, 0x000000070ba00000, 0x000000070bc00000|  0%| F|  |TAMS 0x000000070ba00000, 0x000000070ba00000| Untracked 
|  60|0x000000070bc00000, 0x000000070bc00000, 0x000000070be00000|  0%| F|  |TAMS 0x000000070bc00000, 0x000000070bc00000| Untracked 
|  61|0x000000070be00000, 0x000000070be00000, 0x000000070c000000|  0%| F|  |TAMS 0x000000070be00000, 0x000000070be00000| Untracked 
|  62|0x000000070c000000, 0x000000070c000000, 0x000000070c200000|  0%| F|  |TAMS 0x000000070c000000, 0x000000070c000000| Untracked 
|  63|0x000000070c200000, 0x000000070c200000, 0x000000070c400000|  0%| F|  |TAMS 0x000000070c200000, 0x000000070c200000| Untracked 
|  64|0x000000070c400000, 0x000000070c400000, 0x000000070c600000|  0%| F|  |TAMS 0x000000070c400000, 0x000000070c400000| Untracked 
|  65|0x000000070c600000, 0x000000070c600000, 0x000000070c800000|  0%| F|  |TAMS 0x000000070c600000, 0x000000070c600000| Untracked 
|  66|0x000000070c800000, 0x000000070c800000, 0x000000070ca00000|  0%| F|  |TAMS 0x000000070c800000, 0x000000070c800000| Untracked 
|  67|0x000000070ca00000, 0x000000070ca00000, 0x000000070cc00000|  0%| F|  |TAMS 0x000000070ca00000, 0x000000070ca00000| Untracked 
|  68|0x000000070cc00000, 0x000000070cc00000, 0x000000070ce00000|  0%| F|  |TAMS 0x000000070cc00000, 0x000000070cc00000| Untracked 
|  69|0x000000070ce00000, 0x000000070ce00000, 0x000000070d000000|  0%| F|  |TAMS 0x000000070ce00000, 0x000000070ce00000| Untracked 
|  70|0x000000070d000000, 0x000000070d000000, 0x000000070d200000|  0%| F|  |TAMS 0x000000070d000000, 0x000000070d000000| Untracked 
|  71|0x000000070d200000, 0x000000070d200000, 0x000000070d400000|  0%| F|  |TAMS 0x000000070d200000, 0x000000070d200000| Untracked 
|  72|0x000000070d400000, 0x000000070d400000, 0x000000070d600000|  0%| F|  |TAMS 0x000000070d400000, 0x000000070d400000| Untracked 
|  73|0x000000070d600000, 0x000000070d600000, 0x000000070d800000|  0%| F|  |TAMS 0x000000070d600000, 0x000000070d600000| Untracked 
|  74|0x000000070d800000, 0x000000070d800000, 0x000000070da00000|  0%| F|  |TAMS 0x000000070d800000, 0x000000070d800000| Untracked 
|  75|0x000000070da00000, 0x000000070da00000, 0x000000070dc00000|  0%| F|  |TAMS 0x000000070da00000, 0x000000070da00000| Untracked 
|  76|0x000000070dc00000, 0x000000070dc00000, 0x000000070de00000|  0%| F|  |TAMS 0x000000070dc00000, 0x000000070dc00000| Untracked 
|  77|0x000000070de00000, 0x000000070de00000, 0x000000070e000000|  0%| F|  |TAMS 0x000000070de00000, 0x000000070de00000| Untracked 
|  78|0x000000070e000000, 0x000000070e000000, 0x000000070e200000|  0%| F|  |TAMS 0x000000070e000000, 0x000000070e000000| Untracked 
|  79|0x000000070e200000, 0x000000070e200000, 0x000000070e400000|  0%| F|  |TAMS 0x000000070e200000, 0x000000070e200000| Untracked 
|  80|0x000000070e400000, 0x000000070e400000, 0x000000070e600000|  0%| F|  |TAMS 0x000000070e400000, 0x000000070e400000| Untracked 
|  81|0x000000070e600000, 0x000000070e600000, 0x000000070e800000|  0%| F|  |TAMS 0x000000070e600000, 0x000000070e600000| Untracked 
|  82|0x000000070e800000, 0x000000070e800000, 0x000000070ea00000|  0%| F|  |TAMS 0x000000070e800000, 0x000000070e800000| Untracked 
|  83|0x000000070ea00000, 0x000000070ea00000, 0x000000070ec00000|  0%| F|  |TAMS 0x000000070ea00000, 0x000000070ea00000| Untracked 
|  84|0x000000070ec00000, 0x000000070ec00000, 0x000000070ee00000|  0%| F|  |TAMS 0x000000070ec00000, 0x000000070ec00000| Untracked 
|  85|0x000000070ee00000, 0x000000070ee00000, 0x000000070f000000|  0%| F|  |TAMS 0x000000070ee00000, 0x000000070ee00000| Untracked 
|  86|0x000000070f000000, 0x000000070f000000, 0x000000070f200000|  0%| F|  |TAMS 0x000000070f000000, 0x000000070f000000| Untracked 
|  87|0x000000070f200000, 0x000000070f200000, 0x000000070f400000|  0%| F|  |TAMS 0x000000070f200000, 0x000000070f200000| Untracked 
|  88|0x000000070f400000, 0x000000070f400000, 0x000000070f600000|  0%| F|  |TAMS 0x000000070f400000, 0x000000070f400000| Untracked 
|  89|0x000000070f600000, 0x000000070f600000, 0x000000070f800000|  0%| F|  |TAMS 0x000000070f600000, 0x000000070f600000| Untracked 
|  90|0x000000070f800000, 0x000000070f800000, 0x000000070fa00000|  0%| F|  |TAMS 0x000000070f800000, 0x000000070f800000| Untracked 
|  91|0x000000070fa00000, 0x000000070fa00000, 0x000000070fc00000|  0%| F|  |TAMS 0x000000070fa00000, 0x000000070fa00000| Untracked 
|  92|0x000000070fc00000, 0x000000070fc00000, 0x000000070fe00000|  0%| F|  |TAMS 0x000000070fc00000, 0x000000070fc00000| Untracked 
|  93|0x000000070fe00000, 0x000000070fe00000, 0x0000000710000000|  0%| F|  |TAMS 0x000000070fe00000, 0x000000070fe00000| Untracked 
|  94|0x0000000710000000, 0x0000000710000000, 0x0000000710200000|  0%| F|  |TAMS 0x0000000710000000, 0x0000000710000000| Untracked 
|  95|0x0000000710200000, 0x0000000710200000, 0x0000000710400000|  0%| F|  |TAMS 0x0000000710200000, 0x0000000710200000| Untracked 
|  96|0x0000000710400000, 0x0000000710400000, 0x0000000710600000|  0%| F|  |TAMS 0x0000000710400000, 0x0000000710400000| Untracked 
|  97|0x0000000710600000, 0x0000000710600000, 0x0000000710800000|  0%| F|  |TAMS 0x0000000710600000, 0x0000000710600000| Untracked 
|  98|0x0000000710800000, 0x0000000710800000, 0x0000000710a00000|  0%| F|  |TAMS 0x0000000710800000, 0x0000000710800000| Untracked 
|  99|0x0000000710a00000, 0x0000000710a00000, 0x0000000710c00000|  0%| F|  |TAMS 0x0000000710a00000, 0x0000000710a00000| Untracked 
| 100|0x0000000710c00000, 0x0000000710c00000, 0x0000000710e00000|  0%| F|  |TAMS 0x0000000710c00000, 0x0000000710c00000| Untracked 
| 101|0x0000000710e00000, 0x0000000710e00000, 0x0000000711000000|  0%| F|  |TAMS 0x0000000710e00000, 0x0000000710e00000| Untracked 
| 102|0x0000000711000000, 0x0000000711000000, 0x0000000711200000|  0%| F|  |TAMS 0x0000000711000000, 0x0000000711000000| Untracked 
| 103|0x0000000711200000, 0x0000000711200000, 0x0000000711400000|  0%| F|  |TAMS 0x0000000711200000, 0x0000000711200000| Untracked 
| 104|0x0000000711400000, 0x0000000711400000, 0x0000000711600000|  0%| F|  |TAMS 0x0000000711400000, 0x0000000711400000| Untracked 
| 105|0x0000000711600000, 0x0000000711600000, 0x0000000711800000|  0%| F|  |TAMS 0x0000000711600000, 0x0000000711600000| Untracked 
| 106|0x0000000711800000, 0x0000000711800000, 0x0000000711a00000|  0%| F|  |TAMS 0x0000000711800000, 0x0000000711800000| Untracked 
| 107|0x0000000711a00000, 0x0000000711a00000, 0x0000000711c00000|  0%| F|  |TAMS 0x0000000711a00000, 0x0000000711a00000| Untracked 
| 108|0x0000000711c00000, 0x0000000711c00000, 0x0000000711e00000|  0%| F|  |TAMS 0x0000000711c00000, 0x0000000711c00000| Untracked 
| 109|0x0000000711e00000, 0x0000000711e00000, 0x0000000712000000|  0%| F|  |TAMS 0x0000000711e00000, 0x0000000711e00000| Untracked 
| 110|0x0000000712000000, 0x0000000712000000, 0x0000000712200000|  0%| F|  |TAMS 0x0000000712000000, 0x0000000712000000| Untracked 
| 111|0x0000000712200000, 0x0000000712200000, 0x0000000712400000|  0%| F|  |TAMS 0x0000000712200000, 0x0000000712200000| Untracked 
| 112|0x0000000712400000, 0x0000000712400000, 0x0000000712600000|  0%| F|  |TAMS 0x0000000712400000, 0x0000000712400000| Untracked 
| 113|0x0000000712600000, 0x0000000712600000, 0x0000000712800000|  0%| F|  |TAMS 0x0000000712600000, 0x0000000712600000| Untracked 
| 114|0x0000000712800000, 0x0000000712800000, 0x0000000712a00000|  0%| F|  |TAMS 0x0000000712800000, 0x0000000712800000| Untracked 
| 115|0x0000000712a00000, 0x0000000712a00000, 0x0000000712c00000|  0%| F|  |TAMS 0x0000000712a00000, 0x0000000712a00000| Untracked 
| 116|0x0000000712c00000, 0x0000000712c00000, 0x0000000712e00000|  0%| F|  |TAMS 0x0000000712c00000, 0x0000000712c00000| Untracked 
| 117|0x0000000712e00000, 0x0000000712e00000, 0x0000000713000000|  0%| F|  |TAMS 0x0000000712e00000, 0x0000000712e00000| Untracked 
| 118|0x0000000713000000, 0x0000000713000000, 0x0000000713200000|  0%| F|  |TAMS 0x0000000713000000, 0x0000000713000000| Untracked 
| 119|0x0000000713200000, 0x0000000713200000, 0x0000000713400000|  0%| F|  |TAMS 0x0000000713200000, 0x0000000713200000| Untracked 
| 120|0x0000000713400000, 0x0000000713400000, 0x0000000713600000|  0%| F|  |TAMS 0x0000000713400000, 0x0000000713400000| Untracked 
| 121|0x0000000713600000, 0x0000000713600000, 0x0000000713800000|  0%| F|  |TAMS 0x0000000713600000, 0x0000000713600000| Untracked 
| 122|0x0000000713800000, 0x0000000713800000, 0x0000000713a00000|  0%| F|  |TAMS 0x0000000713800000, 0x0000000713800000| Untracked 
| 123|0x0000000713a00000, 0x0000000713b52b08, 0x0000000713c00000| 66%| E|  |TAMS 0x0000000713a00000, 0x0000000713a00000| Complete 
| 124|0x0000000713c00000, 0x0000000713e00000, 0x0000000713e00000|100%| E|CS|TAMS 0x0000000713c00000, 0x0000000713c00000| Complete 
| 125|0x0000000713e00000, 0x0000000714000000, 0x0000000714000000|100%| E|CS|TAMS 0x0000000713e00000, 0x0000000713e00000| Complete 

Card table byte_map: [0x0000021d96ad0000,0x0000021d972b0000] _byte_map_base: 0x0000021d932ae000

Marking Bits (Prev, Next): (CMBitMap*) 0x0000021d833df1f0, (CMBitMap*) 0x0000021d833df230
 Prev Bits: [0x0000021d97a90000, 0x0000021d9b980000)
 Next Bits: [0x0000021d9b980000, 0x0000021d9f870000)

Polling page: 0x0000021d82b60000

Metaspace:

Usage:
  Non-class:      8.35 MB capacity,     8.28 MB (>99%) used,    65.64 KB ( <1%) free+waste,     5.44 KB ( <1%) overhead. 
      Class:    821.00 KB capacity,   791.05 KB ( 96%) used,    28.27 KB (  3%) free+waste,     1.69 KB ( <1%) overhead. 
       Both:      9.15 MB capacity,     9.06 MB ( 99%) used,    93.91 KB (  1%) free+waste,     7.12 KB ( <1%) overhead. 

Virtual space:
  Non-class space:       10.00 MB reserved,       8.50 MB ( 85%) committed 
      Class space:        1.00 GB reserved,     896.00 KB ( <1%) committed 
             Both:        1.01 GB reserved,       9.38 MB ( <1%) committed 

Chunk freelists:
   Non-Class:  23.00 KB
       Class:  11.00 KB
        Both:  34.00 KB

MaxMetaspaceSize: 17179869184.00 GB
CompressedClassSpaceSize: 1.00 GB

CodeHeap 'non-profiled nmethods': size=120000Kb used=129Kb max_used=129Kb free=119870Kb
 bounds [0x0000021d8e870000, 0x0000021d8eae0000, 0x0000021d95da0000]
CodeHeap 'profiled nmethods': size=120000Kb used=567Kb max_used=567Kb free=119432Kb
 bounds [0x0000021d87340000, 0x0000021d875b0000, 0x0000021d8e870000]
CodeHeap 'non-nmethods': size=5760Kb used=1224Kb max_used=1241Kb free=4535Kb
 bounds [0x0000021d86da0000, 0x0000021d87010000, 0x0000021d87340000]
 total_blobs=824 nmethods=438 adapters=299
 compilation: enabled
              stopped_count=0, restarted_count=0
 full_count=0

Compilation events (20 events):
Event: 268.063 Thread 0x0000021da2dce060  435       3       org.eclipse.jdt.launching.internal.org.objectweb.asm.ClassReader::readUtf (161 bytes)
Event: 268.066 Thread 0x0000021da2dce060 

Event: 268.066 Thread 0x0000021da2dce060  433       3       org.eclipse.jdt.launching.internal.org.objectweb.asm.SymbolTable::add (39 bytes)
Event: 268.067 Thread 0x0000021da2dce060 nmethod 433 0x0000021d873cb090 code [0x0000021d873cb240, 0x0000021d873cb598]
Event: 268.067 Thread 0x0000021da2dce060  434       3       org.eclipse.jdt.launching.internal.org.objectweb.asm.ClassReader::readUTF8 (23 bytes)
Event: 268.067 Thread 0x0000021da2dce060 nmethod 434 0x0000021d873cb710 code [0x0000021d873cb8c0, 0x0000021d873cbaf8]
Event: 268.067 Thread 0x0000021da2dce060  436       3       org.eclipse.jdt.launching.internal.org.objectweb.asm.SymbolTable::hash (10 bytes)
Event: 268.067 Thread 0x0000021da2dce060 nmethod 436 0x0000021d873cbc10 code [0x0000021d873cbdc0, 0x0000021d873cbee8]
Event: 291.821 Thread 0x0000021da2dce060  437       3       org.eclipse.jdt.launching.internal.org.objectweb.asm.ClassReader::readUtf (161 bytes)
Event: 291.821 Thread 0x0000021da2dc2fd0  438       4       org.eclipse.jdt.launching.internal.org.objectweb.asm.ClassReader::readUnsignedShort (26 bytes)
Event: 291.822 Thread 0x0000021da2dce060 

Event: 291.823 Thread 0x0000021da2dc2fd0 

Event: 72352.413 Thread 0x0000021da2dce060  441       3       java.lang.ref.ReferenceQueue::reallyPoll (65 bytes)
Event: 72352.419 Thread 0x0000021da2dce060 nmethod 441 0x0000021d873cc010 code [0x0000021d873cc1e0, 0x0000021d873cc718]
Event: 162514.998 Thread 0x0000021da2dce060  443   !   3       java.lang.ref.ReferenceQueue::remove (125 bytes)
Event: 162515.011 Thread 0x0000021da2dce060 nmethod 443 0x0000021d873cc810 code [0x0000021d873cca40, 0x0000021d873cd258]
Event: 162575.009 Thread 0x0000021da2dce060  444   !   3       jdk.internal.ref.PhantomCleanable::isListEmpty (34 bytes)
Event: 162575.010 Thread 0x0000021da2dce060 nmethod 444 0x0000021d873cd610 code [0x0000021d873cd7c0, 0x0000021d873cda18]
Event: 162575.010 Thread 0x0000021da2dce060  445       3       jdk.internal.misc.InnocuousThread::eraseThreadLocals (23 bytes)
Event: 162575.012 Thread 0x0000021da2dce060 nmethod 445 0x0000021d873cdb90 code [0x0000021d873cdd20, 0x0000021d873cdf18]

GC Heap History (0 events):
No events

Deoptimization events (20 events):
Event: 0.366 Thread 0x0000021d833900c0 DEOPT PACKING pc=0x0000021d873b2d6d sp=0x00000065268f7e50
Event: 0.367 Thread 0x0000021d833900c0 DEOPT UNPACKING pc=0x0000021d86dee23f sp=0x00000065268f7318 mode 0
Event: 0.367 Thread 0x0000021d833900c0 DEOPT PACKING pc=0x0000021d873b2d6d sp=0x00000065268f7e50
Event: 0.367 Thread 0x0000021d833900c0 DEOPT UNPACKING pc=0x0000021d86dee23f sp=0x00000065268f7318 mode 0
Event: 0.373 Thread 0x0000021d833900c0 DEOPT PACKING pc=0x0000021d873b2d6d sp=0x00000065268f7d40
Event: 0.373 Thread 0x0000021d833900c0 DEOPT UNPACKING pc=0x0000021d86dee23f sp=0x00000065268f7208 mode 0
Event: 0.377 Thread 0x0000021d833900c0 DEOPT PACKING pc=0x0000021d873b2d6d sp=0x00000065268f7e50
Event: 0.377 Thread 0x0000021d833900c0 DEOPT UNPACKING pc=0x0000021d86dee23f sp=0x00000065268f7318 mode 0
Event: 0.378 Thread 0x0000021d833900c0 DEOPT PACKING pc=0x0000021d873b2d6d sp=0x00000065268f7e50
Event: 0.378 Thread 0x0000021d833900c0 DEOPT UNPACKING pc=0x0000021d86dee23f sp=0x00000065268f7318 mode 0
Event: 0.378 Thread 0x0000021d833900c0 DEOPT PACKING pc=0x0000021d873b2d6d sp=0x00000065268f7e50
Event: 0.378 Thread 0x0000021d833900c0 DEOPT UNPACKING pc=0x0000021d86dee23f sp=0x00000065268f7318 mode 0
Event: 0.380 Thread 0x0000021d833900c0 DEOPT PACKING pc=0x0000021d873b2d6d sp=0x00000065268f7e50
Event: 0.380 Thread 0x0000021d833900c0 DEOPT UNPACKING pc=0x0000021d86dee23f sp=0x00000065268f7318 mode 0
Event: 0.380 Thread 0x0000021d833900c0 DEOPT PACKING pc=0x0000021d873b2d6d sp=0x00000065268f7e50
Event: 0.380 Thread 0x0000021d833900c0 DEOPT UNPACKING pc=0x0000021d86dee23f sp=0x00000065268f7318 mode 0
Event: 0.380 Thread 0x0000021d833900c0 DEOPT PACKING pc=0x0000021d873b2d6d sp=0x00000065268f7e50
Event: 0.380 Thread 0x0000021d833900c0 DEOPT UNPACKING pc=0x0000021d86dee23f sp=0x00000065268f7318 mode 0
Event: 0.380 Thread 0x0000021d833900c0 DEOPT PACKING pc=0x0000021d873b2d6d sp=0x00000065268f7e50
Event: 0.380 Thread 0x0000021d833900c0 DEOPT UNPACKING pc=0x0000021d86dee23f sp=0x00000065268f7318 mode 0

Classes unloaded (0 events):
No events

Classes redefined (7 events):
Event: 36.829 Thread 0x0000021da2d5d720 redefined class name=Palindrom, count=1
Event: 97.693 Thread 0x0000021da2d5d720 redefined class name=Palindrom, count=2
Event: 155.674 Thread 0x0000021da2d5d720 redefined class name=Palindrom, count=3
Event: 214.648 Thread 0x0000021da2d5d720 redefined class name=Palindrom, count=4
Event: 268.064 Thread 0x0000021da2d5d720 redefined class name=Palindrom, count=5
Event: 291.821 Thread 0x0000021da2d5d720 redefined class name=Palindrom, count=6
Event: 312.293 Thread 0x0000021da2d5d720 redefined class name=Palindrom, count=7

Internal exceptions (3 events):
Event: 0.244 Thread 0x0000021d833900c0 Exception <a 'java/lang/NoSuchMethodError'{0x0000000713c46960}: 'void java.lang.invoke.DirectMethodHandle$Holder.invokeStatic(java.lang.Object, java.lang.Object)'> (0x0000000713c46960) 
thrown [./open/src/hotspot/share/interpreter/linkResolver.cpp, line 782]
Event: 0.245 Thread 0x0000021d833900c0 Exception <a 'java/lang/NoSuchMethodError'{0x0000000713c4a608}: 'void java.lang.invoke.DirectMethodHandle$Holder.invokeStaticInit(java.lang.Object, java.lang.Object)'> (0x0000000713c4a608) 
thrown [./open/src/hotspot/share/interpreter/linkResolver.cpp, line 782]
Event: 0.348 Thread 0x0000021d833900c0 Exception <a 'java/lang/NoSuchMethodError'{0x0000000713a2a728}: 'java.lang.Object java.lang.invoke.DirectMethodHandle$Holder.invokeStatic(java.lang.Object)'> (0x0000000713a2a728) 
thrown [./open/src/hotspot/share/interpreter/linkResolver.cpp, line 782]

Events (20 events):
Event: 312.294 Executing VM operation: RedefineClasses done
Event: 312.298 Executing VM operation: ChangeBreakpoints
Event: 312.298 Executing VM operation: ChangeBreakpoints done
Event: 312.306 Executing VM operation: ChangeBreakpoints
Event: 312.306 Executing VM operation: ChangeBreakpoints done
Event: 312.308 Executing VM operation: GetFrameCount
Event: 312.308 Executing VM operation: GetFrameCount done
Event: 312.308 Executing VM operation: GetStackTrace
Event: 312.308 Executing VM operation: GetStackTrace done
Event: 72232.396 Loaded shared library D:\Softwares\eclipse-java-2021-03-R-win32-x86_64\eclipse\plugins\org.eclipse.justj.openjdk.hotspot.jre.full.win32.x86_64_15.0.2.v20210201-0955\jre\bin\java.dll
Event: 953598.858 Executing VM operation: ChangeBreakpoints
Event: 953598.860 Executing VM operation: ChangeBreakpoints done
Event: 953598.861 Thread 0x0000021da3080290 Thread exited: 0x0000021da3080290
Event: 953598.861 Executing VM operation: ChangeBreakpoints
Event: 953598.861 Executing VM operation: ChangeBreakpoints done
Event: 953598.861 Executing VM operation: ChangeBreakpoints
Event: 953598.861 Executing VM operation: ChangeBreakpoints done
Event: 953598.861 Executing VM operation: ChangeBreakpoints
Event: 953598.861 Executing VM operation: ChangeBreakpoints done
Event: 953598.864 Thread 0x0000021da3106cb0 Thread exited: 0x0000021da3106cb0


Dynamic libraries:
0x00007ff7f5c50000 - 0x00007ff7f5c5d000 	D:\Softwares\eclipse-java-2021-03-R-win32-x86_64\eclipse\plugins\org.eclipse.justj.openjdk.hotspot.jre.full.win32.x86_64_15.0.2.v20210201-0955\jre\bin\javaw.exe
0x00007ffaa55f0000 - 0x00007ffaa5804000 	C:\WINDOWS\SYSTEM32\ntdll.dll
0x00007ffaa3c90000 - 0x00007ffaa3d52000 	C:\WINDOWS\System32\KERNEL32.DLL
0x00007ffaa2cb0000 - 0x00007ffaa304d000 	C:\WINDOWS\System32\KERNELBASE.dll
0x00007ffaa2a20000 - 0x00007ffaa2b31000 	C:\WINDOWS\System32\ucrtbase.dll
0x00007ffa93b30000 - 0x00007ffa93b48000 	D:\Softwares\eclipse-java-2021-03-R-win32-x86_64\eclipse\plugins\org.eclipse.justj.openjdk.hotspot.jre.full.win32.x86_64_15.0.2.v20210201-0955\jre\bin\jli.dll
0x00007ffaa33f0000 - 0x00007ffaa359a000 	C:\WINDOWS\System32\USER32.dll
0x00007ffaa30c0000 - 0x00007ffaa30e6000 	C:\WINDOWS\System32\win32u.dll
0x00007ffaa5280000 - 0x00007ffaa52a9000 	C:\WINDOWS\System32\GDI32.dll
0x00007ffaa31b0000 - 0x00007ffaa32c2000 	C:\WINDOWS\System32\gdi32full.dll
0x00007ffaa32d0000 - 0x00007ffaa336a000 	C:\WINDOWS\System32\msvcp_win.dll
0x00007ffa92210000 - 0x00007ffa92229000 	D:\Softwares\eclipse-java-2021-03-R-win32-x86_64\eclipse\plugins\org.eclipse.justj.openjdk.hotspot.jre.full.win32.x86_64_15.0.2.v20210201-0955\jre\bin\VCRUNTIME140.dll
0x00007ffa82990000 - 0x00007ffa82c1e000 	C:\WINDOWS\WinSxS\amd64_microsoft.windows.common-controls_6595b64144ccf1df_6.0.22621.608_none_a9444ca7c10bb01d\COMCTL32.dll
0x00007ffaa4590000 - 0x00007ffaa4637000 	C:\WINDOWS\System32\msvcrt.dll
0x00007ffaa4550000 - 0x00007ffaa4582000 	C:\WINDOWS\System32\IMM32.DLL
0x00007ffa9b7d0000 - 0x00007ffa9b7dc000 	D:\Softwares\eclipse-java-2021-03-R-win32-x86_64\eclipse\plugins\org.eclipse.justj.openjdk.hotspot.jre.full.win32.x86_64_15.0.2.v20210201-0955\jre\bin\vcruntime140_1.dll
0x00007ffa7e290000 - 0x00007ffa7e321000 	D:\Softwares\eclipse-java-2021-03-R-win32-x86_64\eclipse\plugins\org.eclipse.justj.openjdk.hotspot.jre.full.win32.x86_64_15.0.2.v20210201-0955\jre\bin\msvcp140.dll
0x00007ff9ed2f0000 - 0x00007ff9ede4e000 	D:\Softwares\eclipse-java-2021-03-R-win32-x86_64\eclipse\plugins\org.eclipse.justj.openjdk.hotspot.jre.full.win32.x86_64_15.0.2.v20210201-0955\jre\bin\server\jvm.dll
0x00007ffaa4fc0000 - 0x00007ffaa506e000 	C:\WINDOWS\System32\ADVAPI32.dll
0x00007ffaa5370000 - 0x00007ffaa5414000 	C:\WINDOWS\System32\sechost.dll
0x00007ffaa5490000 - 0x00007ffaa55a5000 	C:\WINDOWS\System32\RPCRT4.dll
0x00007ffaa5210000 - 0x00007ffaa5218000 	C:\WINDOWS\System32\PSAPI.DLL
0x00007ffa79e50000 - 0x00007ffa79e59000 	C:\WINDOWS\SYSTEM32\WSOCK32.dll
0x00007ffaa3780000 - 0x00007ffaa37f1000 	C:\WINDOWS\System32\WS2_32.dll
0x00007ffa999e0000 - 0x00007ffa99a14000 	C:\WINDOWS\SYSTEM32\WINMM.dll
0x00007ffa924b0000 - 0x00007ffa924ba000 	C:\WINDOWS\SYSTEM32\VERSION.dll
0x00007ffaa1a60000 - 0x00007ffaa1a78000 	C:\WINDOWS\SYSTEM32\kernel.appcore.dll
0x00007ffa80e30000 - 0x00007ffa80e3a000 	D:\Softwares\eclipse-java-2021-03-R-win32-x86_64\eclipse\plugins\org.eclipse.justj.openjdk.hotspot.jre.full.win32.x86_64_15.0.2.v20210201-0955\jre\bin\jimage.dll
0x00007ffaa0090000 - 0x00007ffaa02be000 	C:\WINDOWS\SYSTEM32\DBGHELP.DLL
0x00007ffaa3900000 - 0x00007ffaa3c8a000 	C:\WINDOWS\System32\combase.dll
0x00007ffaa35a0000 - 0x00007ffaa3677000 	C:\WINDOWS\System32\OLEAUT32.dll
0x00007ffa939d0000 - 0x00007ffa93a02000 	C:\WINDOWS\SYSTEM32\dbgcore.DLL
0x00007ffaa3370000 - 0x00007ffaa33eb000 	C:\WINDOWS\System32\bcryptPrimitives.dll
0x00007ffa7edb0000 - 0x00007ffa7ede9000 	D:\Softwares\eclipse-java-2021-03-R-win32-x86_64\eclipse\plugins\org.eclipse.justj.openjdk.hotspot.jre.full.win32.x86_64_15.0.2.v20210201-0955\jre\bin\jdwp.dll
0x00007ffa9b7a0000 - 0x00007ffa9b7ae000 	D:\Softwares\eclipse-java-2021-03-R-win32-x86_64\eclipse\plugins\org.eclipse.justj.openjdk.hotspot.jre.full.win32.x86_64_15.0.2.v20210201-0955\jre\bin\instrument.dll
0x00007ffa79b80000 - 0x00007ffa79ba5000 	D:\Softwares\eclipse-java-2021-03-R-win32-x86_64\eclipse\plugins\org.eclipse.justj.openjdk.hotspot.jre.full.win32.x86_64_15.0.2.v20210201-0955\jre\bin\java.dll
0x00007ffa7bdd0000 - 0x00007ffa7bde8000 	D:\Softwares\eclipse-java-2021-03-R-win32-x86_64\eclipse\plugins\org.eclipse.justj.openjdk.hotspot.jre.full.win32.x86_64_15.0.2.v20210201-0955\jre\bin\zip.dll
0x00007ffaa47e0000 - 0x00007ffaa4fc0000 	C:\WINDOWS\System32\SHELL32.dll
0x00007ffaa0a10000 - 0x00007ffaa12d5000 	C:\WINDOWS\SYSTEM32\windows.storage.dll
0x00007ffaa08d0000 - 0x00007ffaa0a0e000 	C:\WINDOWS\SYSTEM32\wintypes.dll
0x00007ffaa3800000 - 0x00007ffaa38f1000 	C:\WINDOWS\System32\SHCORE.dll
0x00007ffaa5220000 - 0x00007ffaa527e000 	C:\WINDOWS\System32\shlwapi.dll
0x00007ffaa2950000 - 0x00007ffaa2971000 	C:\WINDOWS\SYSTEM32\profapi.dll
0x00007ffa9acc0000 - 0x00007ffa9accb000 	D:\Softwares\eclipse-java-2021-03-R-win32-x86_64\eclipse\plugins\org.eclipse.justj.openjdk.hotspot.jre.full.win32.x86_64_15.0.2.v20210201-0955\jre\bin\dt_socket.dll
0x00007ffaa1530000 - 0x00007ffaa155d000 	C:\WINDOWS\SYSTEM32\IPHLPAPI.DLL
0x00007ffaa1ed0000 - 0x00007ffaa1f39000 	C:\WINDOWS\system32\mswsock.dll
0x00007ffaa15a0000 - 0x00007ffaa1692000 	C:\WINDOWS\SYSTEM32\DNSAPI.dll
0x00007ffaa4520000 - 0x00007ffaa4529000 	C:\WINDOWS\System32\NSI.dll
0x00007ffa9b8d0000 - 0x00007ffa9b8da000 	C:\Windows\System32\rasadhlp.dll
0x00007ffa98090000 - 0x00007ffa98113000 	C:\WINDOWS\System32\fwpuclnt.dll
0x00007ffa7a720000 - 0x00007ffa7a739000 	D:\Softwares\eclipse-java-2021-03-R-win32-x86_64\eclipse\plugins\org.eclipse.justj.openjdk.hotspot.jre.full.win32.x86_64_15.0.2.v20210201-0955\jre\bin\net.dll
0x00007ffa9c570000 - 0x00007ffa9c69f000 	C:\WINDOWS\SYSTEM32\WINHTTP.dll
0x00007ffa78140000 - 0x00007ffa78152000 	D:\Softwares\eclipse-java-2021-03-R-win32-x86_64\eclipse\plugins\org.eclipse.justj.openjdk.hotspot.jre.full.win32.x86_64_15.0.2.v20210201-0955\jre\bin\nio.dll
0x00007ffa7f690000 - 0x00007ffa7f6a0000 	D:\Softwares\eclipse-java-2021-03-R-win32-x86_64\eclipse\plugins\org.eclipse.justj.openjdk.hotspot.jre.full.win32.x86_64_15.0.2.v20210201-0955\jre\bin\verify.dll

dbghelp: loaded successfully - version: 4.0.5 - missing functions: none
symbol engine: initialized successfully - sym options: 0x614 - pdb path: .;D:\Softwares\eclipse-java-2021-03-R-win32-x86_64\eclipse\plugins\org.eclipse.justj.openjdk.hotspot.jre.full.win32.x86_64_15.0.2.v20210201-0955\jre\bin;C:\WINDOWS\SYSTEM32;C:\WINDOWS\WinSxS\amd64_microsoft.windows.common-controls_6595b64144ccf1df_6.0.22621.608_none_a9444ca7c10bb01d;D:\Softwares\eclipse-java-2021-03-R-win32-x86_64\eclipse\plugins\org.eclipse.justj.openjdk.hotspot.jre.full.win32.x86_64_15.0.2.v20210201-0955\jre\bin\server

VM Arguments:
jvm_args: -XX:+ShowCodeDetailsInExceptionMessages -agentlib:jdwp=transport=dt_socket,suspend=y,address=localhost:51572 -javaagent:D:\Softwares\eclipse-java-2021-03-R-win32-x86_64\eclipse\configuration\org.eclipse.osgi\222\0\.cp\lib\javaagent-shaded.jar -Dfile.encoding=Cp1252 
java_command: Palindrom
java_class_path (initial): C:\Users\91898\eclipse-workspace\CoreJava\bin
Launcher Type: SUN_STANDARD

[Global flags]
     intx CICompilerCount                          = 4                                         {product} {ergonomic}
     uint ConcGCThreads                            = 3                                         {product} {ergonomic}
     uint G1ConcRefinementThreads                  = 10                                        {product} {ergonomic}
   size_t G1HeapRegionSize                         = 2097152                                   {product} {ergonomic}
    uintx GCDrainStackTargetSize                   = 64                                        {product} {ergonomic}
   size_t InitialHeapSize                          = 264241152                                 {product} {ergonomic}
   size_t MarkStackSize                            = 4194304                                   {product} {ergonomic}
   size_t MaxHeapSize                              = 4223664128                                {product} {ergonomic}
   size_t MaxNewSize                               = 2533359616                                {product} {ergonomic}
   size_t MinHeapDeltaBytes                        = 2097152                                   {product} {ergonomic}
   size_t MinHeapSize                              = 8388608                                   {product} {ergonomic}
    uintx NonNMethodCodeHeapSize                   = 5839372                                {pd product} {ergonomic}
    uintx NonProfiledCodeHeapSize                  = 122909434                              {pd product} {ergonomic}
    uintx ProfiledCodeHeapSize                     = 122909434                              {pd product} {ergonomic}
    uintx ReservedCodeCacheSize                    = 251658240                              {pd product} {ergonomic}
     bool SegmentedCodeCache                       = true                                      {product} {ergonomic}
     bool ShowCodeDetailsInExceptionMessages       = true                                   {manageable} {command line}
   size_t SoftMaxHeapSize                          = 4223664128                             {manageable} {ergonomic}
     bool UseCompressedClassPointers               = true                                 {lp64_product} {ergonomic}
     bool UseCompressedOops                        = true                                 {lp64_product} {ergonomic}
     bool UseG1GC                                  = true                                      {product} {ergonomic}
     bool UseLargePagesIndividualAllocation        = false                                  {pd product} {ergonomic}

Logging:
Log output configuration:
 #0: stdout all=warning uptime,level,tags
 #1: stderr all=off uptime,level,tags

Environment Variables:
JAVA_HOME=C:\Program Files\Java\jdk1.8.0_341\bin
PATH=D:\Softwares\eclipse-java-2021-03-R-win32-x86_64\eclipse\plugins\org.eclipse.justj.openjdk.hotspot.jre.full.win32.x86_64_15.0.2.v20210201-0955\jre\bin;D:/Softwares/eclipse-java-2021-03-R-win32-x86_64/eclipse//plugins/org.eclipse.justj.openjdk.hotspot.jre.full.win32.x86_64_15.0.2.v20210201-0955/jre/bin/server;D:/Softwares/eclipse-java-2021-03-R-win32-x86_64/eclipse//plugins/org.eclipse.justj.openjdk.hotspot.jre.full.win32.x86_64_15.0.2.v20210201-0955/jre/bin;C:\Program Files (x86)\Common Files\Oracle\Java\javapath;C:\WINDOWS\system32;C:\WINDOWS;C:\WINDOWS\System32\Wbem;C:\WINDOWS\System32\WindowsPowerShell\v1.0\;C:\WINDOWS\System32\OpenSSH\;C:\Users\91898\AppData\Local\Microsoft\WindowsApps;C:\Program Files\Java\jdk1.8.0_341\bin;;D:\Softwares\eclipse-java-2021-03-R-win32-x86_64\eclipse;
USERNAME=91898
OS=Windows_NT
PROCESSOR_IDENTIFIER=Intel64 Family 6 Model 154 Stepping 4, GenuineIntel



---------------  S Y S T E M  ---------------

OS:
 Windows 10 , 64 bit Build 22621 (10.0.22621.755)
OS uptime: 24 days 8:51 hours
HyperV virtualization detected

CPU: total 12 (initial active 12) (6 cores per cpu, 2 threads per core) family 6 model 154 stepping 4 microcode 0x41f, cmov, cx8, fxsr, mmx, sse, sse2, sse3, ssse3, sse4.1, sse4.2, popcnt, vzeroupper, avx, avx2, aes, clmul, erms, 3dnowpref, lzcnt, ht, tsc, tscinvbit, bmi1, bmi2, adx, sha, fma, clflush, clflushopt, clwb

Memory: 4k page, system-wide physical 16108M (7463M free)
TotalPageFile size 19201M (AvailPageFile size 8107M)
current process WorkingSet (physical memory assigned to process): 13M, peak: 47M
current process commit charge ("private bytes"): 345M, peak: 346M

vm_info: OpenJDK 64-Bit Server VM (15.0.2+7-27) for windows-amd64 JRE (15.0.2+7-27), built on Dec  7 2020 20:02:38 by "mach5one" with unknown MS VC++:1925

END.
